<?xml version="1.0" encoding="UTF-8"?>
<!-- Generated by org.testng.reporters.JUnitReportReporter -->
<testsuite hostname="LAPTOP-6HD880PC" failures="0" tests="7" name="com.stackroute.restassured.UserTest" time="3.177" errors="0" timestamp="2021-02-07T11:46:38 IST" skipped="0">
  <testcase classname="com.stackroute.restassured.UserTest" name="addUserSuccess" time="1.915"/>
  <system-out/>
  <testcase classname="com.stackroute.restassured.UserTest" name="addUserFailure" time="0.038"/>
  <system-out/>
  <testcase classname="com.stackroute.restassured.UserTest" name="loginSuccess" time="0.629"/>
  <system-out/>
  <testcase classname="com.stackroute.restassured.UserTest" name="logoutSuccess" time="0.242"/>
  <system-out/>
  <testcase classname="com.stackroute.restassured.UserTest" name="loginFailure" time="0.021"/>
  <system-out/>
  <testcase classname="com.stackroute.restassured.UserTest" name="deleteUserSuccess" time="0.316"/>
  <system-out/>
  <testcase classname="com.stackroute.restassured.UserTest" name="deleteUserFailure" time="0.016"/>
  <system-out/>
</testsuite> <!-- com.stackroute.restassured.UserTest -->
