<?xml version="1.0" encoding="UTF-8"?>
<!-- Generated by org.testng.reporters.JUnitReportReporter -->
<testsuite hostname="HetnaHialry" failures="0" tests="6" name="com.stackroute.restassured.FavouriteTest" time="5.139" errors="0" timestamp="2021-01-22T21:17:38 IST" skipped="0">
  <testcase classname="com.stackroute.restassured.FavouriteTest" name="saveFavSuccess" time="3.291"/>
  <system-out/>
  <testcase classname="com.stackroute.restassured.FavouriteTest" name="saveFavFailure" time="0.069"/>
  <system-out/>
  <testcase classname="com.stackroute.restassured.FavouriteTest" name="getFavSuccess" time="0.180"/>
  <system-out/>
  <testcase classname="com.stackroute.restassured.FavouriteTest" name="deleteFavSuccess" time="1.456"/>
  <system-out/>
  <testcase classname="com.stackroute.restassured.FavouriteTest" name="deleteFavFailure" time="0.079"/>
  <system-out/>
  <testcase classname="com.stackroute.restassured.FavouriteTest" name="getFavFailure" time="0.064"/>
  <system-out/>
</testsuite> <!-- com.stackroute.restassured.FavouriteTest -->
