<?xml version="1.0" encoding="UTF-8"?>
<!-- Generated by org.testng.reporters.JUnitReportReporter -->
<testsuite hostname="HetnaHialry" failures="0" tests="6" name="com.stackroute.restassured.FavouriteTest" time="5.177" errors="0" timestamp="2021-02-07T12:03:50 IST" skipped="0">
  <testcase classname="com.stackroute.restassured.FavouriteTest" name="saveFavSuccess" time="3.649"/>
  <system-out/>
  <testcase classname="com.stackroute.restassured.FavouriteTest" name="saveFavFailure" time="0.151"/>
  <system-out/>
  <testcase classname="com.stackroute.restassured.FavouriteTest" name="getFavSuccess" time="1.022"/>
  <system-out/>
  <testcase classname="com.stackroute.restassured.FavouriteTest" name="deleteFavSuccess" time="0.244"/>
  <system-out/>
  <testcase classname="com.stackroute.restassured.FavouriteTest" name="deleteFavFailure" time="0.062"/>
  <system-out/>
  <testcase classname="com.stackroute.restassured.FavouriteTest" name="getFavFailure" time="0.049"/>
  <system-out/>
</testsuite> <!-- com.stackroute.restassured.FavouriteTest -->
